PLINK v1.90b6.10 64-bit (17 Jun 2019)
Options in effect:
  --autosome
  --autosome-num 33
  --bfile Eryns_deer_data/Kintyre_update
  --freq
  --homozyg
  --homozyg-density 70
  --homozyg-het 0
  --homozyg-kb 2500
  --homozyg-snp 40
  --homozyg-window-missing 4
  --homozyg-window-snp 35
  --maf 0.01
  --missing
  --out Eryns_deer_data/output/Kintyre_orig_updated

Hostname: SCE-BIO-C05499
Working directory: M:\PHD 1st YR\plink
Start time: Wed Apr 01 13:37:58 2020

Random number seed: 1585744678
15710 MB RAM detected; reserving 7855 MB for main workspace.
35202 out of 45279 variants loaded from .bim file.
157 samples (94 males, 62 females, 1 ambiguous) loaded from .fam.
Ambiguous sex ID written to Eryns_deer_data/output/Kintyre_orig_updated.nosex .
Using 1 thread (no multithreaded calculations invoked).
Before main variant filters, 157 founders and 0 nonfounders present.
Calculating allele frequencies... done.
Total genotyping rate is 0.999517.
--freq: Allele frequencies (founders only) written to
Eryns_deer_data/output/Kintyre_orig_updated.frq .
--missing: Sample missing data report written to
Eryns_deer_data/output/Kintyre_orig_updated.imiss, and variant-based missing
data report written to Eryns_deer_data/output/Kintyre_orig_updated.lmiss.
529 variants removed due to minor allele threshold(s)
(--maf/--max-maf/--mac/--max-mac).
34673 variants and 157 samples pass filters and QC.
Note: No phenotypes present.
--homozyg: Scan complete, found 1448 ROH.
Results saved to Eryns_deer_data/output/Kintyre_orig_updated.hom +
Eryns_deer_data/output/Kintyre_orig_updated.hom.indiv +
Eryns_deer_data/output/Kintyre_orig_updated.hom.summary .

End time: Wed Apr 01 13:38:38 2020
